2025/10/19 16:48:38 loggingService.go:64: [Log] GenerateKeys: Llave generada 
	Name: P-256
	D (valor privado):17131876319898115695124860918276399768614567242340715973181472955407119683671
	B:41058363725152142129326129780047268409114441015993725554835256314039467401291
	x,y:(112108904596900860095600578922867518932572955943642605325849217464595182059892,97032579732935778258366928182963438643740267551043235069613165987984293353780)
	n: 115792089210356248762697446949407573529996955224135760342422259061068512044369
	p:115792089210356248762697446949407573530086143415290314195533631308867097853951).
2025/10/19 16:48:45 loggingService.go:64: [Log] SignDocument: Llave privada 
	Name: P-256
	D (valor privado):17131876319898115695124860918276399768614567242340715973181472955407119683671
	B:41058363725152142129326129780047268409114441015993725554835256314039467401291
	x,y:(112108904596900860095600578922867518932572955943642605325849217464595182059892,97032579732935778258366928182963438643740267551043235069613165987984293353780)
	n: 115792089210356248762697446949407573529996955224135760342422259061068512044369
	p:115792089210356248762697446949407573530086143415290314195533631308867097853951).
2025/10/19 16:48:45 loggingService.go:64: [Log] SignDocument: Hash del archivo (SHA-256): (c0535e4be2b79ffd93291305436bf889314e4a3faec05ecffcbb7df31ad9e51a)
2025/10/19 16:48:45 loggingService.go:64: [Log] SignDocument: Parametros de firma ECDSA:
	R:(53888253784312803372599470875608094243411310898887364814630218723952013998055)
	S:(92347470312057898655090657464406948923075105582797531334945694788249021883663)
2025/10/19 16:48:45 loggingService.go:64: [Log] SignDocument: Longitud de firma: (71)
	Firma en bytes: (304502207723abb7dda39a1e8be1d71a1097edfec873fe63228c0fb471c9ee779c81f7e7022100cc2ad0e0d1b003e32d5b0de7cf472b83755de4e3a8f8a041448598eb50f4a50f)
2025/10/19 16:48:45 loggingService.go:64: [Log] SignDocument: Nombre del archivo donde se guardara la firma: (files/example.txt.signed)
2025/10/19 16:48:45 loggingService.go:64: [Log] SignDocument: Se completo el guardado de firma y archivo correctamente.
2025/10/19 16:48:58 loggingService.go:64: [Log] SignDocument: Longitud de firma: (71)
2025/10/19 16:48:58 loggingService.go:64: [Log] SignDocument: Firma ECDSA: 
	R:(53888253784312803372599470875608094243411310898887364814630218723952013998055)
	S:(92347470312057898655090657464406948923075105582797531334945694788249021883663)
2025/10/19 16:48:58 loggingService.go:64: [Log] SignDocument: Hash extraido del archivo original: (c0535e4be2b79ffd93291305436bf889314e4a3faec05ecffcbb7df31ad9e51a)
2025/10/19 16:48:58 loggingService.go:64: [Log] SignDocument: La firma ha sido verificada y coincide, el archivo es legitimo.
